<?xml version="1.0" encoding="UTF-8"?>
<testng-results ignored="0" total="1" passed="1" failed="0" skipped="0">
  <reporter-output>
    <line>
      <![CDATA[Log in to application]]>
    </line>
    <line>
      <![CDATA[Logout the application ]]>
    </line>
  </reporter-output>
  <suite started-at="2024-06-06T08:50:26 IST" name="Default suite" finished-at="2024-06-06T08:51:09 IST" duration-ms="42956">
    <groups>
    </groups>
    <test started-at="2024-06-06T08:50:26 IST" name="Default test" finished-at="2024-06-06T08:51:09 IST" duration-ms="42956">
      <class name="selenium.List">
        <test-method is-config="true" signature="openBroweser()[pri:0, instance:selenium.List@107ed6fc]" started-at="2024-06-06T08:50:26 IST" name="openBroweser" finished-at="2024-06-06T08:50:40 IST" duration-ms="13617" status="PASS">
          <reporter-output>
          </reporter-output>
        </test-method> <!-- openBroweser -->
        <test-method is-config="true" signature="login()[pri:0, instance:selenium.List@107ed6fc]" started-at="2024-06-06T08:50:40 IST" name="login" finished-at="2024-06-06T08:50:42 IST" duration-ms="2428" status="PASS">
          <reporter-output>
            <line>
              <![CDATA[Log in to application]]>
            </line>
          </reporter-output>
        </test-method> <!-- login -->
        <test-method signature="getText()[pri:0, instance:selenium.List@107ed6fc]" started-at="2024-06-06T08:50:42 IST" name="getText" finished-at="2024-06-06T08:51:09 IST" duration-ms="26788" status="PASS">
          <reporter-output>
          </reporter-output>
        </test-method> <!-- getText -->
        <test-method is-config="true" signature="logout()[pri:0, instance:selenium.List@107ed6fc]" started-at="2024-06-06T08:51:09 IST" name="logout" finished-at="2024-06-06T08:51:09 IST" duration-ms="1" status="PASS">
          <reporter-output>
            <line>
              <![CDATA[Logout the application ]]>
            </line>
          </reporter-output>
        </test-method> <!-- logout -->
        <test-method is-config="true" signature="closeBrowser()[pri:0, instance:selenium.List@107ed6fc]" started-at="2024-06-06T08:51:09 IST" name="closeBrowser" finished-at="2024-06-06T08:51:09 IST" duration-ms="1" status="PASS">
          <reporter-output>
          </reporter-output>
        </test-method> <!-- closeBrowser -->
      </class> <!-- selenium.List -->
    </test> <!-- Default test -->
  </suite> <!-- Default suite -->
</testng-results>
