<?xml version="1.0" encoding="UTF-8"?>
<testng-results ignored="0" total="1" passed="1" failed="0" skipped="0">
  <reporter-output>
  </reporter-output>
  <suite started-at="2024-05-07T09:09:15 IST" name="Default suite" finished-at="2024-05-07T09:09:23 IST" duration-ms="7977">
    <groups>
    </groups>
    <test started-at="2024-05-07T09:09:15 IST" name="Default test" finished-at="2024-05-07T09:09:23 IST" duration-ms="7977">
      <class name="RestAssured.Validate_XML">
        <test-method signature="addPet()[pri:0, instance:RestAssured.Validate_XML@4bf3798b]" started-at="2024-05-07T09:09:15 IST" name="addPet" finished-at="2024-05-07T09:09:23 IST" duration-ms="7774" status="PASS">
          <reporter-output>
          </reporter-output>
        </test-method> <!-- addPet -->
      </class> <!-- RestAssured.Validate_XML -->
    </test> <!-- Default test -->
  </suite> <!-- Default suite -->
</testng-results>
